<?xml version="1.0" encoding="UTF-8"?>
<!-- Generated by org.testng.reporters.JUnitReportReporter -->
<testsuite hostname="sivareddy" name="test.menlo.tech.MenloQuisitiveTest" tests="4" failures="0" timestamp="23 Jun 2020 14:17:41 GMT" time="28.218" errors="0">
  <testcase name="testIsIndustriesDropDownPresent" time="0.286" classname="test.menlo.tech.MenloQuisitiveTest"/>
  <testcase name="testIsSolutionsDropDownPresent" time="0.742" classname="test.menlo.tech.MenloQuisitiveTest"/>
  <testcase name="testIsTextPresent" time="26.694" classname="test.menlo.tech.MenloQuisitiveTest"/>
  <testcase name="testIsCompanyDropDownPresent" time="0.496" classname="test.menlo.tech.MenloQuisitiveTest"/>
</testsuite> <!-- test.menlo.tech.MenloQuisitiveTest -->
